suse_fontconfig
spleen
sourcesans-fonts
sourcehansans-fonts
sourcecodepro-fonts
sgi-fonts
rxvt-unicode
roboto-fonts
oxygen-fonts
mozilla-fonts
motoya-fonts
monafonts-ttf
monafonts
modular-xorg-fonts
linux-libertine-ttf
konatu-ttf
kochi-ttf
go-ttf
ghostscript-fonts
freefonts
font-sun-misc
font-sony-misc
font-ibm-type1
font-dec-misc
font-bitstream-type1
font-bitstream-75dpi
font-bitstream-100dpi
font-bh-75dpi
font-bh-100dpi
font-adobe-utopia-type1
font-adobe-utopia-75dpi
font-adobe-utopia-100dpi
droid-ttf
croscorefonts
consolamono-ttf
comic-neue
awesome-ttf
awesome-otf
artwiz-fonts
